<?xml version="1.0" encoding="UTF-8"?>
<testsuite xmlns:xsi="http://www.w3.org/2001/XMLSchema-instance" xsi:noNamespaceSchemaLocation="https://maven.apache.org/surefire/maven-surefire-plugin/xsd/surefire-test-report.xsd" name="ca.bc.gov.educ.api.pendemog.controller.PenDemographicsControllerTest" time="20.247" tests="7" errors="7" skipped="0" failures="0">
  <properties>
[...]
</properties>
  <testcase name="testGetPenDemographicsByPen_GivenPenExistInDB_ShouldReturnStatusOk" classname="ca.bc.gov.educ.api.pendemog.controller.PenDemographicsControllerTest" time="0.367">
    <error message="C:\Users\Arcshift%20Solutions\git\intellij\EDUC-PEN-DEMOG-API\api\target\test-classes\PenDemogDummyData.json (The system cannot find the path specified)" type="java.io.FileNotFoundException">java.io.FileNotFoundException: C:\Users\Arcshift%20Solutions\git\intellij\EDUC-PEN-DEMOG-API\api\target\test-classes\PenDemogDummyData.json (The system cannot find the path specified)
	at ca.bc.gov.educ.api.pendemog.controller.PenDemographicsControllerTest.setUp(PenDemographicsControllerTest.java:53)
</error>
    <system-out><![CDATA[09:56:27.237 [main] DEBUG org.springframework.test.context.junit4.SpringJUnit4ClassRunner - SpringJUnit4ClassRunner constructor called with [class ca.bc.gov.educ.api.pendemog.controller.PenDemographicsControllerTest]
09:56:27.252 [main] DEBUG org.springframework.test.context.BootstrapUtils - Instantiating CacheAwareContextLoaderDelegate from class [org.springframework.test.context.cache.DefaultCacheAwareContextLoaderDelegate]
09:56:27.295 [main] DEBUG org.springframework.test.context.BootstrapUtils - Instantiating BootstrapContext using constructor [public org.springframework.test.context.support.DefaultBootstrapContext(java.lang.Class,org.springframework.test.context.CacheAwareContextLoaderDelegate)]
09:56:27.434 [main] DEBUG org.springframework.test.context.BootstrapUtils - Instantiating TestContextBootstrapper for test class [ca.bc.gov.educ.api.pendemog.controller.PenDemographicsControllerTest] from class [org.springframework.boot.test.context.SpringBootTestContextBootstrapper]
09:56:27.516 [main] INFO org.springframework.boot.test.context.SpringBootTestContextBootstrapper - Neither @ContextConfiguration nor @ContextHierarchy found for test class [ca.bc.gov.educ.api.pendemog.controller.PenDemographicsControllerTest], using SpringBootContextLoader
09:56:27.544 [main] DEBUG org.springframework.test.context.support.AbstractContextLoader - Did not detect default resource location for test class [ca.bc.gov.educ.api.pendemog.controller.PenDemographicsControllerTest]: class path resource [ca/bc/gov/educ/api/pendemog/controller/PenDemographicsControllerTest-context.xml] does not exist
09:56:27.546 [main] DEBUG org.springframework.test.context.support.AbstractContextLoader - Did not detect default resource location for test class [ca.bc.gov.educ.api.pendemog.controller.PenDemographicsControllerTest]: class path resource [ca/bc/gov/educ/api/pendemog/controller/PenDemographicsControllerTestContext.groovy] does not exist
09:56:27.547 [main] INFO org.springframework.test.context.support.AbstractContextLoader - Could not detect default resource locations for test class [ca.bc.gov.educ.api.pendemog.controller.PenDemographicsControllerTest]: no resource found for suffixes {-context.xml, Context.groovy}.
09:56:27.551 [main] INFO org.springframework.test.context.support.AnnotationConfigContextLoaderUtils - Could not detect default configuration classes for test class [ca.bc.gov.educ.api.pendemog.controller.PenDemographicsControllerTest]: PenDemographicsControllerTest does not declare any static, non-private, non-final, nested classes annotated with @Configuration.
09:56:27.748 [main] DEBUG org.springframework.test.context.support.ActiveProfilesUtils - Could not find an 'annotation declaring class' for annotation type [org.springframework.test.context.ActiveProfiles] and class [ca.bc.gov.educ.api.pendemog.controller.PenDemographicsControllerTest]
09:56:27.844 [main] DEBUG org.springframework.context.index.CandidateComponentsIndexLoader - Loaded 1] index(es)
09:56:28.094 [main] DEBUG org.springframework.context.annotation.ClassPathScanningCandidateComponentProvider - Identified candidate component class: file [C:\Users\Arcshift Solutions\git\intellij\EDUC-PEN-DEMOG-API\api\target\classes\ca\bc\gov\educ\api\pendemog\PenDemographicsApiResourceApplication.class]
09:56:28.097 [main] INFO org.springframework.boot.test.context.SpringBootTestContextBootstrapper - Found @SpringBootConfiguration ca.bc.gov.educ.api.pendemog.PenDemographicsApiResourceApplication for test class ca.bc.gov.educ.api.pendemog.controller.PenDemographicsControllerTest
09:56:28.468 [main] DEBUG org.springframework.boot.test.context.SpringBootTestContextBootstrapper - @TestExecutionListeners is not present for class [ca.bc.gov.educ.api.pendemog.controller.PenDemographicsControllerTest]: using defaults.
09:56:28.469 [main] INFO org.springframework.boot.test.context.SpringBootTestContextBootstrapper - Loaded default TestExecutionListener class names from location [META-INF/spring.factories]: [org.springframework.boot.test.mock.mockito.MockitoTestExecutionListener, org.springframework.boot.test.mock.mockito.ResetMocksTestExecutionListener, org.springframework.boot.test.autoconfigure.restdocs.RestDocsTestExecutionListener, org.springframework.boot.test.autoconfigure.web.client.MockRestServiceServerResetTestExecutionListener, org.springframework.boot.test.autoconfigure.web.servlet.MockMvcPrintOnlyOnFailureTestExecutionListener, org.springframework.boot.test.autoconfigure.web.servlet.WebDriverTestExecutionListener, org.springframework.test.context.web.ServletTestExecutionListener, org.springframework.test.context.support.DirtiesContextBeforeModesTestExecutionListener, org.springframework.test.context.support.DependencyInjectionTestExecutionListener, org.springframework.test.context.support.DirtiesContextTestExecutionListener, org.springframework.test.context.transaction.TransactionalTestExecutionListener, org.springframework.test.context.jdbc.SqlScriptsTestExecutionListener, org.springframework.test.context.event.EventPublishingTestExecutionListener, org.springframework.security.test.context.support.WithSecurityContextTestExecutionListener, org.springframework.security.test.context.support.ReactorContextTestExecutionListener]
09:56:28.546 [main] INFO org.springframework.boot.test.context.SpringBootTestContextBootstrapper - Using TestExecutionListeners: [org.springframework.test.context.web.ServletTestExecutionListener@4b50c21, org.springframework.test.context.support.DirtiesContextBeforeModesTestExecutionListener@2e0fdc83, org.springframework.boot.test.mock.mockito.MockitoTestExecutionListener@5dacf18d, org.springframework.boot.test.autoconfigure.SpringBootDependencyInjectionTestExecutionListener@432a6a69, org.springframework.test.context.support.DirtiesContextTestExecutionListener@6f52a229, org.springframework.test.context.transaction.TransactionalTestExecutionListener@3fe98084, org.springframework.test.context.jdbc.SqlScriptsTestExecutionListener@5f33e6d, org.springframework.test.context.event.EventPublishingTestExecutionListener@151a6598, org.springframework.security.test.context.support.WithSecurityContextTestExecutionListener@6fa3def8, org.springframework.security.test.context.support.ReactorContextTestExecutionListener@1c3d9e28, org.springframework.boot.test.mock.mockito.ResetMocksTestExecutionListener@a1cb94, org.springframework.boot.test.autoconfigure.restdocs.RestDocsTestExecutionListener@46d148bd, org.springframework.boot.test.autoconfigure.web.client.MockRestServiceServerResetTestExecutionListener@37f41a81, org.springframework.boot.test.autoconfigure.web.servlet.MockMvcPrintOnlyOnFailureTestExecutionListener@47c81e89, org.springframework.boot.test.autoconfigure.web.servlet.WebDriverTestExecutionListener@49bb808f]
09:56:28.564 [main] DEBUG org.springframework.test.annotation.ProfileValueUtils - Retrieved @ProfileValueSourceConfiguration [null] for test class [ca.bc.gov.educ.api.pendemog.controller.PenDemographicsControllerTest]
09:56:28.566 [main] DEBUG org.springframework.test.annotation.ProfileValueUtils - Retrieved ProfileValueSource type [class org.springframework.test.annotation.SystemProfileValueSource] for class [ca.bc.gov.educ.api.pendemog.controller.PenDemographicsControllerTest]
09:56:28.647 [main] DEBUG org.springframework.test.context.junit4.SpringJUnit4ClassRunner - SpringJUnit4ClassRunner constructor called with [class ca.bc.gov.educ.api.pendemog.controller.PenDemographicsControllerTest]
09:56:28.647 [main] DEBUG org.springframework.test.context.BootstrapUtils - Instantiating CacheAwareContextLoaderDelegate from class [org.springframework.test.context.cache.DefaultCacheAwareContextLoaderDelegate]
09:56:28.647 [main] DEBUG org.springframework.test.context.BootstrapUtils - Instantiating BootstrapContext using constructor [public org.springframework.test.context.support.DefaultBootstrapContext(java.lang.Class,org.springframework.test.context.CacheAwareContextLoaderDelegate)]
09:56:28.648 [main] DEBUG org.springframework.test.context.BootstrapUtils - Instantiating TestContextBootstrapper for test class [ca.bc.gov.educ.api.pendemog.controller.PenDemographicsControllerTest] from class [org.springframework.boot.test.context.SpringBootTestContextBootstrapper]
09:56:28.650 [main] INFO org.springframework.boot.test.context.SpringBootTestContextBootstrapper - Neither @ContextConfiguration nor @ContextHierarchy found for test class [ca.bc.gov.educ.api.pendemog.controller.PenDemographicsControllerTest], using SpringBootContextLoader
09:56:28.652 [main] DEBUG org.springframework.test.context.support.AbstractContextLoader - Did not detect default resource location for test class [ca.bc.gov.educ.api.pendemog.controller.PenDemographicsControllerTest]: class path resource [ca/bc/gov/educ/api/pendemog/controller/PenDemographicsControllerTest-context.xml] does not exist
09:56:28.653 [main] DEBUG org.springframework.test.context.support.AbstractContextLoader - Did not detect default resource location for test class [ca.bc.gov.educ.api.pendemog.controller.PenDemographicsControllerTest]: class path resource [ca/bc/gov/educ/api/pendemog/controller/PenDemographicsControllerTestContext.groovy] does not exist
09:56:28.654 [main] INFO org.springframework.test.context.support.AbstractContextLoader - Could not detect default resource locations for test class [ca.bc.gov.educ.api.pendemog.controller.PenDemographicsControllerTest]: no resource found for suffixes {-context.xml, Context.groovy}.
09:56:28.654 [main] INFO org.springframework.test.context.support.AnnotationConfigContextLoaderUtils - Could not detect default configuration classes for test class [ca.bc.gov.educ.api.pendemog.controller.PenDemographicsControllerTest]: PenDemographicsControllerTest does not declare any static, non-private, non-final, nested classes annotated with @Configuration.
09:56:28.660 [main] DEBUG org.springframework.test.context.support.ActiveProfilesUtils - Could not find an 'annotation declaring class' for annotation type [org.springframework.test.context.ActiveProfiles] and class [ca.bc.gov.educ.api.pendemog.controller.PenDemographicsControllerTest]
09:56:28.660 [main] INFO org.springframework.boot.test.context.SpringBootTestContextBootstrapper - Found @SpringBootConfiguration ca.bc.gov.educ.api.pendemog.PenDemographicsApiResourceApplication for test class ca.bc.gov.educ.api.pendemog.controller.PenDemographicsControllerTest
09:56:28.666 [main] DEBUG org.springframework.boot.test.context.SpringBootTestContextBootstrapper - @TestExecutionListeners is not present for class [ca.bc.gov.educ.api.pendemog.controller.PenDemographicsControllerTest]: using defaults.
09:56:28.666 [main] INFO org.springframework.boot.test.context.SpringBootTestContextBootstrapper - Loaded default TestExecutionListener class names from location [META-INF/spring.factories]: [org.springframework.boot.test.mock.mockito.MockitoTestExecutionListener, org.springframework.boot.test.mock.mockito.ResetMocksTestExecutionListener, org.springframework.boot.test.autoconfigure.restdocs.RestDocsTestExecutionListener, org.springframework.boot.test.autoconfigure.web.client.MockRestServiceServerResetTestExecutionListener, org.springframework.boot.test.autoconfigure.web.servlet.MockMvcPrintOnlyOnFailureTestExecutionListener, org.springframework.boot.test.autoconfigure.web.servlet.WebDriverTestExecutionListener, org.springframework.test.context.web.ServletTestExecutionListener, org.springframework.test.context.support.DirtiesContextBeforeModesTestExecutionListener, org.springframework.test.context.support.DependencyInjectionTestExecutionListener, org.springframework.test.context.support.DirtiesContextTestExecutionListener, org.springframework.test.context.transaction.TransactionalTestExecutionListener, org.springframework.test.context.jdbc.SqlScriptsTestExecutionListener, org.springframework.test.context.event.EventPublishingTestExecutionListener, org.springframework.security.test.context.support.WithSecurityContextTestExecutionListener, org.springframework.security.test.context.support.ReactorContextTestExecutionListener]
09:56:28.670 [main] INFO org.springframework.boot.test.context.SpringBootTestContextBootstrapper - Using TestExecutionListeners: [org.springframework.test.context.web.ServletTestExecutionListener@24068086, org.springframework.test.context.support.DirtiesContextBeforeModesTestExecutionListener@32513dea, org.springframework.boot.test.mock.mockito.MockitoTestExecutionListener@5d0e703a, org.springframework.boot.test.autoconfigure.SpringBootDependencyInjectionTestExecutionListener@7f77e065, org.springframework.test.context.support.DirtiesContextTestExecutionListener@6f655dbd, org.springframework.test.context.transaction.TransactionalTestExecutionListener@546083d6, org.springframework.test.context.jdbc.SqlScriptsTestExecutionListener@7ac1b6c0, org.springframework.test.context.event.EventPublishingTestExecutionListener@3a751535, org.springframework.security.test.context.support.WithSecurityContextTestExecutionListener@7fb82f73, org.springframework.security.test.context.support.ReactorContextTestExecutionListener@2f166d61, org.springframework.boot.test.mock.mockito.ResetMocksTestExecutionListener@5896b9f5, org.springframework.boot.test.autoconfigure.restdocs.RestDocsTestExecutionListener@4ad8d36f, org.springframework.boot.test.autoconfigure.web.client.MockRestServiceServerResetTestExecutionListener@74a5bef0, org.springframework.boot.test.autoconfigure.web.servlet.MockMvcPrintOnlyOnFailureTestExecutionListener@68c4a860, org.springframework.boot.test.autoconfigure.web.servlet.WebDriverTestExecutionListener@570ed9c]
09:56:28.671 [main] DEBUG org.springframework.test.annotation.ProfileValueUtils - Retrieved @ProfileValueSourceConfiguration [null] for test class [ca.bc.gov.educ.api.pendemog.controller.PenDemographicsControllerTest]
09:56:28.671 [main] DEBUG org.springframework.test.annotation.ProfileValueUtils - Retrieved ProfileValueSource type [class org.springframework.test.annotation.SystemProfileValueSource] for class [ca.bc.gov.educ.api.pendemog.controller.PenDemographicsControllerTest]
09:56:28.912 [main] DEBUG org.springframework.test.annotation.ProfileValueUtils - Retrieved @ProfileValueSourceConfiguration [null] for test class [ca.bc.gov.educ.api.pendemog.controller.PenDemographicsControllerTest]
09:56:28.912 [main] DEBUG org.springframework.test.annotation.ProfileValueUtils - Retrieved ProfileValueSource type [class org.springframework.test.annotation.SystemProfileValueSource] for class [ca.bc.gov.educ.api.pendemog.controller.PenDemographicsControllerTest]
09:56:28.923 [main] DEBUG org.springframework.test.annotation.ProfileValueUtils - Retrieved @ProfileValueSourceConfiguration [null] for test class [ca.bc.gov.educ.api.pendemog.controller.PenDemographicsControllerTest]
09:56:28.923 [main] DEBUG org.springframework.test.annotation.ProfileValueUtils - Retrieved ProfileValueSource type [class org.springframework.test.annotation.SystemProfileValueSource] for class [ca.bc.gov.educ.api.pendemog.controller.PenDemographicsControllerTest]
09:56:28.926 [main] DEBUG org.springframework.test.annotation.ProfileValueUtils - Retrieved @ProfileValueSourceConfiguration [null] for test class [ca.bc.gov.educ.api.pendemog.controller.PenDemographicsControllerTest]
09:56:28.926 [main] DEBUG org.springframework.test.annotation.ProfileValueUtils - Retrieved ProfileValueSource type [class org.springframework.test.annotation.SystemProfileValueSource] for class [ca.bc.gov.educ.api.pendemog.controller.PenDemographicsControllerTest]
09:56:28.942 [main] DEBUG org.springframework.test.context.support.AbstractDirtiesContextTestExecutionListener - Before test class: context [DefaultTestContext@1013871e testClass = PenDemographicsControllerTest, testInstance = [null], testMethod = [null], testException = [null], mergedContextConfiguration = [WebMergedContextConfiguration@5a9051fd testClass = PenDemographicsControllerTest, locations = '{}', classes = '{class ca.bc.gov.educ.api.pendemog.PenDemographicsApiResourceApplication}', contextInitializerClasses = '[]', activeProfiles = '{}', propertySourceLocations = '{}', propertySourceProperties = '{org.springframework.boot.test.context.SpringBootTestContextBootstrapper=true}', contextCustomizers = set[org.springframework.boot.test.context.filter.ExcludeFilterContextCustomizer@2e13f304, org.springframework.boot.test.json.DuplicateJsonObjectContextCustomizerFactory$DuplicateJsonObjectContextCustomizer@40ac6b76, org.springframework.boot.test.mock.mockito.MockitoContextCustomizer@0, org.springframework.boot.test.web.client.TestRestTemplateContextCustomizer@642a16aa, org.springframework.boot.test.autoconfigure.properties.PropertyMappingContextCustomizer@0, org.springframework.boot.test.autoconfigure.web.servlet.WebDriverContextCustomizerFactory$Customizer@2da99821, org.springframework.boot.test.context.SpringBootTestArgs@1], resourceBasePath = 'src/main/webapp', contextLoader = 'org.springframework.boot.test.context.SpringBootContextLoader', parent = [null]], attributes = map['org.springframework.test.context.web.ServletTestExecutionListener.activateListener' -> true]], class annotated with @DirtiesContext [false] with mode [null].
09:56:28.953 [main] DEBUG org.springframework.test.annotation.ProfileValueUtils - Retrieved @ProfileValueSourceConfiguration [null] for test class [ca.bc.gov.educ.api.pendemog.controller.PenDemographicsControllerTest]
09:56:28.953 [main] DEBUG org.springframework.test.annotation.ProfileValueUtils - Retrieved ProfileValueSource type [class org.springframework.test.annotation.SystemProfileValueSource] for class [ca.bc.gov.educ.api.pendemog.controller.PenDemographicsControllerTest]
09:56:29.064 [main] DEBUG org.springframework.test.context.support.TestPropertySourceUtils - Adding inlined properties to environment: {spring.jmx.enabled=false, org.springframework.boot.test.context.SpringBootTestContextBootstrapper=true, server.port=-1}

  .   ____          _            __ _ _
 /\\ / ___'_ __ _ _(_)_ __  __ _ \ \ \ \
( ( )\___ | '_ | '_| | '_ \/ _` | \ \ \ \
 \\/  ___)| |_)| | | | | || (_| |  ) ) ) )
  '  |____| .__|_| |_|_| |_\__, | / / / /
 =========|_|==============|___/=/_/_/_/
 :: Spring Boot ::        (v2.2.7.RELEASE)

]]></system-out>
  </testcase>
  <testcase name="testSearchPenDemographics2_GivenWrongFormatDOBInQueryParam_ShouldReturnStatusBadRequest" classname="ca.bc.gov.educ.api.pendemog.controller.PenDemographicsControllerTest" time="0.032">
    <error message="C:\Users\Arcshift%20Solutions\git\intellij\EDUC-PEN-DEMOG-API\api\target\test-classes\PenDemogDummyData.json (The system cannot find the path specified)" type="java.io.FileNotFoundException">java.io.FileNotFoundException: C:\Users\Arcshift%20Solutions\git\intellij\EDUC-PEN-DEMOG-API\api\target\test-classes\PenDemogDummyData.json (The system cannot find the path specified)
	at ca.bc.gov.educ.api.pendemog.controller.PenDemographicsControllerTest.setUp(PenDemographicsControllerTest.java:53)
</error>
  </testcase>
  <testcase name="testSearchPenDemographics_GivenNoQueryParameters_ShouldReturnStatusOkWithNoResults" classname="ca.bc.gov.educ.api.pendemog.controller.PenDemographicsControllerTest" time="0.034">
    <error message="C:\Users\Arcshift%20Solutions\git\intellij\EDUC-PEN-DEMOG-API\api\target\test-classes\PenDemogDummyData.json (The system cannot find the path specified)" type="java.io.FileNotFoundException">java.io.FileNotFoundException: C:\Users\Arcshift%20Solutions\git\intellij\EDUC-PEN-DEMOG-API\api\target\test-classes\PenDemogDummyData.json (The system cannot find the path specified)
	at ca.bc.gov.educ.api.pendemog.controller.PenDemographicsControllerTest.setUp(PenDemographicsControllerTest.java:53)
</error>
  </testcase>
  <testcase name="testSearchPenDemographics_GivenOnlySexInQueryParam_ShouldReturnStatusOkAndNoResults" classname="ca.bc.gov.educ.api.pendemog.controller.PenDemographicsControllerTest" time="0.035">
    <error message="C:\Users\Arcshift%20Solutions\git\intellij\EDUC-PEN-DEMOG-API\api\target\test-classes\PenDemogDummyData.json (The system cannot find the path specified)" type="java.io.FileNotFoundException">java.io.FileNotFoundException: C:\Users\Arcshift%20Solutions\git\intellij\EDUC-PEN-DEMOG-API\api\target\test-classes\PenDemogDummyData.json (The system cannot find the path specified)
	at ca.bc.gov.educ.api.pendemog.controller.PenDemographicsControllerTest.setUp(PenDemographicsControllerTest.java:53)
</error>
  </testcase>
  <testcase name="testSearchPenDemographics_GivenOnlyDOBInQueryParam_ShouldReturnStatusOk" classname="ca.bc.gov.educ.api.pendemog.controller.PenDemographicsControllerTest" time="0.037">
    <error message="C:\Users\Arcshift%20Solutions\git\intellij\EDUC-PEN-DEMOG-API\api\target\test-classes\PenDemogDummyData.json (The system cannot find the path specified)" type="java.io.FileNotFoundException">java.io.FileNotFoundException: C:\Users\Arcshift%20Solutions\git\intellij\EDUC-PEN-DEMOG-API\api\target\test-classes\PenDemogDummyData.json (The system cannot find the path specified)
	at ca.bc.gov.educ.api.pendemog.controller.PenDemographicsControllerTest.setUp(PenDemographicsControllerTest.java:53)
</error>
  </testcase>
  <testcase name="testSearchPenDemographics_GivenWrongFormatDOBInQueryParam_ShouldReturnStatusBadRequest" classname="ca.bc.gov.educ.api.pendemog.controller.PenDemographicsControllerTest" time="0.041">
    <error message="C:\Users\Arcshift%20Solutions\git\intellij\EDUC-PEN-DEMOG-API\api\target\test-classes\PenDemogDummyData.json (The system cannot find the path specified)" type="java.io.FileNotFoundException">java.io.FileNotFoundException: C:\Users\Arcshift%20Solutions\git\intellij\EDUC-PEN-DEMOG-API\api\target\test-classes\PenDemogDummyData.json (The system cannot find the path specified)
	at ca.bc.gov.educ.api.pendemog.controller.PenDemographicsControllerTest.setUp(PenDemographicsControllerTest.java:53)
</error>
  </testcase>
  <testcase name="testGetPenDemographicsByPen_GivenPenDoesNotExistInDB_ShouldReturnStatusNotFound" classname="ca.bc.gov.educ.api.pendemog.controller.PenDemographicsControllerTest" time="0.041">
    <error message="C:\Users\Arcshift%20Solutions\git\intellij\EDUC-PEN-DEMOG-API\api\target\test-classes\PenDemogDummyData.json (The system cannot find the path specified)" type="java.io.FileNotFoundException">java.io.FileNotFoundException: C:\Users\Arcshift%20Solutions\git\intellij\EDUC-PEN-DEMOG-API\api\target\test-classes\PenDemogDummyData.json (The system cannot find the path specified)
	at ca.bc.gov.educ.api.pendemog.controller.PenDemographicsControllerTest.setUp(PenDemographicsControllerTest.java:53)
</error>
  </testcase>
</testsuite>